'#(270493 1430720302962 210734 814 1736459 0 1 5550 25123306 7955244)
'#(240183 1430720543304 186214 763 1618373 0 1 5550 23794122 7609216)
'#(285883 1430720829349 223102 843 1784137 0 1 5550 25972358 8184208)
'#(268886 1430721098435 209200 813 1725264 0 1 5550 25138781 7962864)
'#(229546 1430721328150 177162 736 1588302 0 1 5550 23112645 7423100)
'#(257729 1430721586029 200302 795 1696840 0 1 5550 24667803 7836420)
'#(267166 1430721853378 207938 810 1730951 0 1 5550 25065988 7940440)
'#(248123 1430722101661 192164 777 1671583 0 1 5550 24167372 7700656)
'#(282369 1430722384211 220149 825 1766964 0 1 5550 25397817 8024960)
'#(266943 1430722651349 208168 809 1691552 0 1 5550 25030911 7941676)
'#(287576 1430722939113 224473 844 1770153 0 1 5550 25947370 8181064)
'#(262839 1430723202159 204170 803 1712622 0 1 5550 24821611 7875856)
'#(252913 1430723455236 196412 787 1682837 0 1 5550 24417102 7768792)
'#(263539 1430723718940 204931 807 1739198 0 1 5550 24981901 7914060)
'#(230859 1430723949958 178417 743 1573998 0 1 5550 23337965 7491564)
'#(281769 1430724231916 220019 833 1758548 0 1 5550 25681889 8108528)
'#(276573 1430724508673 215504 824 1766678 0 1 5550 25395585 8024404)
'#(285379 1430724794242 222791 842 1790567 0 1 5550 25943550 8174140)
'#(251156 1430725045556 194760 779 1680871 0 1 5550 24172702 7699524)
'#(257753 1430725303466 199990 793 1713786 0 1 5550 24604069 7813364)
