'#(259963 1430725563693 202628 800 1640982 0 1 15607 33141992 9394931)
'#(261419 1430725825282 203302 803 1666689 0 1 15607 33169950 9394968)
'#(292333 1430726117879 228762 853 1767028 0 1 15607 34521897 9478416)
'#(281573 1430726399777 220372 836 1705553 0 1 15607 34100951 9454727)
'#(224923 1430726624876 173772 745 1592537 0 1 15607 31578127 9292671)
'#(264766 1430726889807 206468 806 1672495 0 1 15607 33255518 9400126)
'#(267283 1430727157362 208737 810 1660536 0 1 15607 33366079 9408150)
'#(252573 1430727410106 196534 788 1626224 0 1 15607 32777171 9370354)
'#(264056 1430727674368 205865 806 1679952 0 1 15607 33229363 9396954)
'#(256313 1430727930847 199176 788 1641087 0 1 15607 32754054 9369126)
'#(289323 1430728220339 226898 847 1743817 0 1 15607 34389347 9471291)
'#(261116 1430728481600 203522 800 1674219 0 1 15607 33095335 9389597)
'#(245909 1430728727674 191222 771 1604674 0 1 15607 32275022 9339617)
'#(257169 1430728985008 199518 789 1677982 0 1 15607 32742453 9365846)
'#(269286 1430729254454 210553 816 1671780 0 1 15607 33568990 9420363)
'#(267139 1430729521736 208383 811 1691178 0 1 15607 33366933 9406610)
'#(255216 1430729777128 198492 790 1659516 0 1 15607 32798658 9368759)
'#(270903 1430730048201 211515 819 1695595 0 1 15607 33603012 9420884)
'#(279009 1430730327388 217756 831 1709057 0 1 15607 33981164 9446506)
'#(281849 1430730609509 220940 839 1713628 0 1 15607 34199600 9460353)
