'#(300219 1430679091704 235600 876 1794307 0 1 16007 35119804 12665511)
'#(281029 1430679372940 219574 849 1767983 0 1 16007 34306951 12455749)
'#(282316 1430679655456 220589 850 1771765 0 1 16007 34346538 12465291)
'#(254689 1430679910306 198136 806 1672540 0 1 16007 33144792 12171283)
'#(299623 1430680210115 234415 878 1823968 0 1 16007 35195392 12677747)
'#(284809 1430680495104 223479 857 1738664 0 1 16007 34676609 12562117)
'#(283353 1430680778624 221625 855 1789972 0 1 16007 34449529 12487911)
'#(281019 1430681059814 219543 848 1748785 0 1 16007 34345578 12471169)
'#(283003 1430681342990 220935 846 1772675 0 1 16007 34237517 12435981)
'#(316836 1430681660111 249013 905 1876572 0 1 16007 35873056 12844425)
'#(310546 1430681970870 244395 902 1846501 0 1 16007 35792115 12830296)
'#(296219 1430682267284 231915 874 1795925 0 1 16007 35056298 12648131)
'#(297949 1430682565431 233708 877 1817611 0 1 16007 35087851 12650767)
'#(267016 1430682832610 208169 829 1714088 0 1 16007 33841715 12346049)
'#(289976 1430683122774 226744 862 1803312 0 1 16007 34644707 12536407)
'#(285623 1430683408570 223425 864 1807095 0 1 16007 34725173 12556857)
'#(263316 1430683672088 205372 817 1671442 0 1 16007 33499356 12266107)
'#(269333 1430683941575 210391 829 1702028 0 1 16007 33782813 12333583)
'#(296823 1430684238579 232778 879 1790457 0 1 16007 35220990 12693493)
'#(321736 1430684560499 253145 920 1868738 0 1 16007 36353870 12974729)
