'#(287159 1430684847841 224212 862 1752444 0 1 16205 37526992 12222594)
'#(303696 1430685151716 238047 890 1842182 0 1 16205 38259709 12308435)
'#(299749 1430685451662 234559 887 1830000 0 1 16205 38216547 12304287)
'#(298829 1430685750715 233603 881 1822239 0 1 16205 38060401 12284509)
'#(288133 1430686039037 225208 870 1790201 0 1 16205 37755197 12248111)
'#(293026 1430686332264 229213 871 1785269 0 1 16205 37715999 12243452)
'#(274533 1430686606974 213865 840 1735618 0 1 16205 36885084 12139321)
'#(265403 1430686872566 206508 827 1670901 0 1 16205 36502168 12096854)
'#(297913 1430687170671 233475 882 1806117 0 1 16205 38108803 12293008)
'#(288686 1430687459552 225436 870 1782949 0 1 16205 37743362 12247430)
'#(261773 1430687721517 203485 821 1695841 0 1 16205 36376462 12076801)
'#(287293 1430688008972 224439 862 1756116 0 1 16205 37489885 12217242)
'#(274329 1430688283471 213888 840 1711103 0 1 16205 36914774 12146510)
'#(308479 1430688592138 241848 904 1867271 0 1 16205 38697768 12363481)
'#(262666 1430688854997 204347 830 1735591 0 1 16205 36611493 12102885)
'#(284293 1430689139464 221989 861 1753148 0 1 16205 37500341 12218942)
'#(291143 1430689430809 227392 868 1799877 0 1 16205 37683285 12237160)
'#(278703 1430689709701 217142 851 1786544 0 1 16205 37152528 12168215)
'#(262219 1430689972083 203713 822 1690959 0 1 16205 36416560 12082732)
'#(284853 1430690257098 222291 848 1734971 0 1 16205 37067369 12163733)
