'#(205039 1430730814696 157538 703 1396703 0 1 15623 30485687 8698818)
'#(209116 1430731023949 161129 714 1436869 0 1 15623 30750088 8728716)
'#(208319 1430731232430 160337 709 1425531 0 1 15623 30645447 8716276)
'#(199189 1430731431762 152881 696 1386740 0 1 15623 30329054 8679262)
'#(199059 1430731630964 152904 694 1407847 0 1 15623 30178688 8656400)
'#(207919 1430731839011 160131 711 1431335 0 1 15623 30690089 8721454)
'#(219453 1430732058621 169110 734 1472986 0 1 15623 31303177 8797646)
'#(216156 1430732275013 166605 730 1440884 0 1 15623 31262930 8796560)
'#(199249 1430732474403 152862 693 1405312 0 1 15623 30224183 8662804)
'#(210699 1430732685257 162267 709 1411831 0 1 15623 30679087 8722588)
'#(202633 1430732888051 155693 703 1410519 0 1 15623 30505518 8699620)
'#(196976 1430733085168 150993 690 1387513 0 1 15623 30122524 8651622)
'#(200336 1430733285658 153767 698 1377810 0 1 15623 30416436 8692104)
'#(200053 1430733485854 153577 695 1386971 0 1 15623 30265727 8670788)
'#(204416 1430733690409 157281 706 1417030 0 1 15623 30531154 8702170)
'#(213026 1430733903584 164174 722 1460148 0 1 15623 30995904 8758388)
'#(200029 1430734103753 153583 696 1381502 0 1 15623 30318368 8678536)
'#(202349 1430734306244 155406 702 1408887 0 1 15623 30391881 8684686)
'#(212639 1430734519033 163891 722 1456571 0 1 15623 30980657 8756832)
'#(217076 1430734736256 167619 727 1445779 0 1 15623 31135018 8778852)
