'#(202499 1430734938897 155344 706 1396914 0 1 16361 33893125 10529646)
'#(200826 1430735139868 153795 701 1401355 0 1 16361 33716756 10505534)
'#(207316 1430735347324 158765 714 1435856 0 1 16361 34022532 10541698)
'#(206423 1430735553894 158273 717 1422749 0 1 16361 34223320 10570222)
'#(211103 1430735765141 162189 723 1428063 0 1 16361 34336171 10584558)
'#(210233 1430735975524 161786 719 1432086 0 1 16361 34191125 10564692)
'#(198339 1430736174000 151314 696 1386823 0 1 16361 33530647 10482684)
'#(197626 1430736371765 151136 694 1378814 0 1 16361 33484770 10477614)
'#(217043 1430736588944 167254 735 1443878 0 1 16361 34669120 10626842)
'#(220029 1430736809110 169215 736 1478824 0 1 16361 34630653 10617048)
'#(204983 1430737014233 157196 710 1394960 0 1 16361 34016862 10546408)
'#(201716 1430737216090 154423 705 1395687 0 1 16361 33876986 10527650)
'#(200046 1430737416272 153413 702 1380734 0 1 16361 33743476 10511849)
'#(207743 1430737624163 159061 718 1415010 0 1 16361 34222400 10571120)
'#(206473 1430737830780 158312 714 1430667 0 1 16361 34111342 10554236)
'#(194693 1430738025611 148767 690 1333153 0 1 16361 33525766 10489168)
'#(205419 1430738231166 157583 711 1404033 0 1 16361 34036391 10547794)
'#(220016 1430738451337 169572 737 1465300 0 1 16361 34685407 10626160)
'#(208949 1430738660428 160447 719 1409822 0 1 16361 34280828 10579642)
'#(208203 1430738868783 159386 719 1420684 0 1 16361 34254820 10574700)
