'#(224056 1430690481344 172190 773 1557288 0 1 16797 37066248 17637985)
'#(223706 1430690705214 171895 766 1534414 0 1 16797 36831318 17595521)
'#(222826 1430690928201 171046 761 1510456 0 1 16797 36693181 17572738)
'#(217956 1430691146319 167254 749 1487630 0 1 16797 36362807 17511228)
'#(210246 1430691356706 160806 740 1456766 0 1 16797 36182800 17481347)
'#(216969 1430691573825 166290 757 1502462 0 1 16797 36634051 17562458)
'#(219559 1430691793531 168518 760 1508588 0 1 16797 36777965 17590068)
'#(243533 1430692037211 187969 802 1599204 0 1 16797 37894253 17795150)
'#(212949 1430692250295 162857 745 1521431 0 1 16797 36294923 17490891)
'#(207966 1430692458396 158796 734 1467456 0 1 16797 35962344 17435173)
'#(231909 1430692690471 178841 776 1564108 0 1 16797 37140823 17651536)
'#(236503 1430692927112 182358 792 1578046 0 1 16797 37618504 17744287)
'#(215279 1430693142521 164874 749 1494867 0 1 16797 36409092 17519038)
'#(228783 1430693371446 176206 776 1538184 0 1 16797 37136456 17655795)
'#(242486 1430693614088 187294 799 1577229 0 1 16797 37767680 17774241)
'#(241996 1430693856239 186472 796 1599520 0 1 16797 37623115 17740912)
'#(233783 1430694090272 179761 783 1593482 0 1 16797 37324367 17682372)
'#(238393 1430694328800 183867 792 1561336 0 1 16797 37591290 17742131)
'#(216276 1430694545312 166009 753 1522380 0 1 16797 36509271 17533582)
'#(224176 1430694769639 172592 763 1523411 0 1 16797 36749563 17581371)
