'#(215949 1430694985719 165254 754 1498639 0 1 16838 37849708 11743458)
'#(209879 1430695195777 160086 743 1468539 0 1 16838 37524504 11723867)
'#(225779 1430695421719 173142 772 1539870 0 1 16838 38304107 11770444)
'#(244023 1430695665887 188334 805 1584882 0 1 16838 39195025 11824993)
'#(217056 1430695883120 166127 758 1524591 0 1 16838 37897739 11745216)
'#(258189 1430696141471 200069 832 1646510 0 1 16838 40003625 11877454)
'#(206039 1430696347645 156805 738 1489882 0 1 16838 37361051 11711740)
'#(240526 1430696588383 185540 797 1609218 0 1 16838 39026743 11814554)
'#(225643 1430696814166 173156 767 1531733 0 1 16838 38090817 11757601)
'#(205589 1430697019910 156694 736 1430160 0 1 16838 37324362 11713189)
'#(226023 1430697246067 173362 776 1562489 0 1 16838 38375581 11774527)
'#(228579 1430697474795 175395 775 1531593 0 1 16838 38379056 11775780)
'#(229099 1430697704054 176300 780 1552986 0 1 16838 38549488 11786479)
'#(260273 1430697964463 201580 838 1687903 0 1 16838 40169859 11885466)
'#(210876 1430698175474 161057 749 1504524 0 1 16838 37658408 11730568)
'#(218903 1430698394517 167586 762 1536768 0 1 16838 38002928 11751292)
'#(237449 1430698632204 182646 791 1541741 0 1 16838 38914356 11810739)
'#(235579 1430698867923 181349 797 1631691 0 1 16838 38991823 11810957)
'#(225643 1430699093715 173373 772 1546701 0 1 16838 38290551 11770906)
'#(251376 1430699345235 194110 818 1629402 0 1 16838 39634468 11853988)
