'#(190456 1430739059392 146089 663 1315623 0 1 14699 25608267 12127395)
'#(189069 1430739248604 144411 663 1304144 0 1 14699 25593247 12126138)
'#(188929 1430739437759 144825 662 1316609 0 1 14699 25588454 12119640)
'#(191626 1430739629516 146866 667 1319925 0 1 14699 25717385 12166071)
'#(191893 1430739821552 146939 669 1309931 0 1 14699 25772967 12190683)
'#(191026 1430740012719 146242 665 1334537 0 1 14699 25658568 12139320)
'#(192439 1430740205293 147442 670 1321439 0 1 14699 25854348 12217602)
'#(192813 1430740398242 147587 676 1316553 0 1 14699 25959896 12259019)
'#(201056 1430740599520 154761 688 1326109 0 1 14699 26318574 12389862)
'#(199786 1430740799453 153703 684 1338560 0 1 14699 26213757 12345960)
'#(189799 1430740989339 145407 660 1323198 0 1 14699 25516954 12089745)
'#(189503 1430741178987 145082 662 1314057 0 1 14699 25568835 12113295)
'#(191553 1430741370760 146836 669 1318774 0 1 14699 25773056 12188151)
'#(206836 1430741577733 159112 698 1377985 0 1 14699 26606896 12477600)
'#(188393 1430741766265 144097 664 1296794 0 1 14699 25627285 12141732)
'#(187719 1430741954580 143602 660 1304314 0 1 14699 25530915 12102684)
'#(189046 1430742143755 144628 663 1307943 0 1 14699 25606056 12129438)
'#(191023 1430742334920 146359 664 1319511 0 1 14699 25665822 12147654)
'#(195969 1430742531028 150249 679 1339447 0 1 14699 26058903 12287607)
'#(195299 1430742726541 149728 674 1329776 0 1 14699 25924100 12240651)
