'#(192736 1430742919423 147007 683 1299311 0 1 15750 32679032 8831237)
'#(200073 1430743119631 153298 698 1358491 0 1 15750 33107216 8854291)
'#(190386 1430743310161 145024 679 1309016 0 1 15750 32581336 8824519)
'#(195966 1430743506337 150033 689 1329705 0 1 15750 32862738 8840819)
'#(195479 1430743701937 149480 691 1327522 0 1 15750 32947675 8846264)
'#(190643 1430743892722 145322 676 1311403 0 1 15750 32502168 8819415)
'#(198423 1430744091281 151876 696 1338757 0 1 15750 33050946 8852025)
'#(199669 1430744291089 152490 696 1355642 0 1 15750 33111351 8854724)
'#(201279 1430744492589 154413 700 1360510 0 1 15750 33232921 8862016)
'#(196569 1430744689302 150072 691 1324451 0 1 15750 32933792 8845576)
'#(193839 1430744883297 148288 688 1300232 0 1 15750 32872485 8843272)
'#(201203 1430745084636 154115 702 1358059 0 1 15750 33285876 8865486)
'#(206073 1430745290851 158055 710 1372363 0 1 15750 33533112 8880039)
'#(198179 1430745489177 151676 695 1331751 0 1 15750 32993304 8848883)
'#(202756 1430745692074 155290 705 1360960 0 1 15750 33340541 8868723)
'#(197009 1430745889238 150417 697 1342362 0 1 15750 33105543 8855205)
'#(197869 1430746087340 151214 694 1348352 0 1 15750 33016074 8849215)
'#(198803 1430746286281 151873 697 1319518 0 1 15750 33100735 8856369)
'#(196846 1430746483282 150361 691 1328443 0 1 15750 32885796 8842374)
'#(196373 1430746679776 150206 688 1341758 0 1 15750 32850991 8839328)
