'#(228136 1430699573530 176139 765 1457081 0 1 16066 34902965 11676337)
'#(218186 1430699791863 167511 752 1450302 0 1 16066 34542800 11609914)
'#(209606 1430700001618 160415 734 1418021 0 1 16066 33959186 11506501)
'#(199766 1430700201541 152509 712 1360466 0 1 16066 33363947 11405881)
'#(202359 1430700404033 154670 716 1373061 0 1 16066 33493951 11428216)
'#(209186 1430700613356 160254 734 1415232 0 1 16066 34010355 11516629)
'#(204909 1430700818416 156387 726 1418810 0 1 16066 33758079 11468602)
'#(206876 1430701025431 158082 729 1442217 0 1 16066 33821686 11475661)
'#(203556 1430701229055 155756 721 1402734 0 1 16066 33640632 11449459)
'#(195429 1430701424627 149110 702 1314966 0 1 16066 33098438 11364178)
'#(237773 1430701662543 183472 785 1530537 0 1 16066 35437130 11762584)
'#(210693 1430701873385 161455 735 1439149 0 1 16066 34016746 11512985)
'#(212216 1430702085736 162643 737 1419452 0 1 16066 34093519 11531605)
'#(206649 1430702292521 158134 724 1387188 0 1 16066 33671933 11458532)
'#(193646 1430702486311 147433 701 1330458 0 1 16066 33060865 11354560)
'#(193996 1430702680445 147714 699 1344166 0 1 16066 32975458 11336101)
'#(216079 1430702896661 165834 745 1462574 0 1 16066 34279394 11558344)
'#(205209 1430703102005 156953 725 1413011 0 1 16066 33720195 11462809)
'#(203723 1430703305870 155744 722 1403829 0 1 16066 33622751 11446102)
'#(204043 1430703510046 156090 717 1385989 0 1 16066 33479273 11423116)
