'#(215286 1430703725400 164903 749 1435064 0 1 16259 37256039 16085307)
'#(199853 1430703925403 152065 720 1384320 0 1 16259 36419825 15937747)
'#(207759 1430704133286 157763 729 1430088 0 1 16259 36655432 15974000)
'#(206743 1430704340244 157755 734 1383011 0 1 16259 36845036 16017961)
'#(213559 1430704553941 162996 746 1454384 0 1 16259 37091443 16051087)
'#(196019 1430704750105 149047 714 1349214 0 1 16259 36234175 15909744)
'#(191539 1430704941783 145341 698 1330296 0 1 16259 35784398 15828946)
'#(205719 1430705147631 157004 731 1407725 0 1 16259 36731698 15992125)
'#(198613 1430705346395 150982 718 1373371 0 1 16259 36376221 15931912)
'#(209839 1430705556469 160023 747 1452268 0 1 16259 37194039 16070427)
'#(202569 1430705759191 154465 725 1370877 0 1 16259 36601059 15974551)
'#(199993 1430705959321 152088 719 1378049 0 1 16259 36420293 15939285)
'#(200373 1430706159831 152699 721 1394438 0 1 16259 36445087 15940892)
'#(206289 1430706366260 157773 732 1373689 0 1 16259 36773210 14734788)
'#(194553 1430706560951 147888 711 1325018 0 1 16259 36220132 14640231)
'#(195329 1430706756416 148497 707 1351682 0 1 16259 36046891 15874221)
'#(191446 1430706948001 145156 699 1333914 0 1 16259 35797981 15830864)
'#(195949 1430707144077 149027 709 1348265 0 1 16259 36086546 15882233)
'#(207423 1430707351638 158530 734 1413921 0 1 16259 36783349 16000620)
'#(209519 1430707561295 160115 738 1421667 0 1 16259 36962880 16032590)
