'#(185553 1430746865460 141317 668 1230937 0 1 15766 32480926 14147682)
'#(190703 1430747056292 145637 682 1267280 0 1 15766 32882761 14239160)
'#(185066 1430747241488 140918 667 1258211 0 1 15766 32398802 14120365)
'#(189363 1430747430977 144355 678 1251052 0 1 15766 32749497 14209806)
'#(194419 1430747625531 148814 692 1266151 0 1 15766 33104122 14294735)
'#(189229 1430747814892 144423 680 1273539 0 1 15766 32801336 14217314)
'#(190973 1430748006006 145608 684 1269843 0 1 15766 32874208 14236446)
'#(187456 1430748193590 142761 674 1254882 0 1 15766 32616649 14175789)
'#(187533 1430748381259 143102 673 1275088 0 1 15766 32550553 14154076)
'#(185776 1430748567165 141510 674 1233124 0 1 15766 32652365 14190000)
'#(195593 1430748762898 149470 691 1285765 0 1 15766 33071070 14281556)
'#(180929 1430748943957 137467 659 1195811 0 1 15766 32249950 14098947)
'#(192403 1430749136485 146958 687 1270361 0 1 15766 32970740 14260327)
'#(189723 1430749326341 144859 679 1262076 0 1 15766 32743027 14205625)
'#(185133 1430749511605 141308 667 1222429 0 1 15766 32496032 14153603)
'#(186893 1430749698622 142427 675 1263250 0 1 15766 32625837 14175899)
'#(186189 1430749884951 141480 672 1245290 0 1 15766 32561371 14164300)
'#(187616 1430750072696 143003 676 1249279 0 1 15766 32681994 14193551)
'#(193046 1430750265878 147562 685 1268817 0 1 15766 32921536 14248417)
'#(189263 1430750455272 144382 678 1257440 0 1 15766 32741571 14206315)
