'#(186039 1430750641446 141108 675 1249532 0 1 16416 35930650 11797367)
'#(184139 1430750825719 139460 673 1220859 0 1 16416 35875297 11795560)
'#(184076 1430751009933 139275 674 1251248 0 1 16416 35827627 11790935)
'#(194789 1430751204941 148300 698 1281910 0 1 16416 36554311 11834431)
'#(182773 1430751387855 138143 670 1219875 0 1 16416 35803567 11791398)
'#(192816 1430751580805 146695 691 1264714 0 1 16416 36326373 11821265)
'#(193959 1430751774895 147669 692 1296290 0 1 16416 36344957 11820453)
'#(199389 1430751974407 152235 705 1295538 0 1 16416 36735707 11844949)
'#(192553 1430752167071 146472 690 1272048 0 1 16416 36263308 11816871)
'#(191283 1430752358417 145504 688 1263129 0 1 16416 36249467 11816296)
'#(192209 1430752550759 145973 689 1290823 0 1 16416 36241646 11814299)
'#(184799 1430752735687 140312 669 1250196 0 1 16416 35706971 11783466)
'#(193653 1430752929469 147434 690 1279831 0 1 16416 36254989 11815884)
'#(189799 1430753119396 144482 679 1267188 0 1 16416 35929823 11796326)
'#(190509 1430753310049 144932 682 1251452 0 1 16416 36120903 11809252)
'#(190086 1430753500258 144498 683 1256188 0 1 16416 36124552 11809190)
'#(193329 1430753694072 147087 689 1251960 0 1 16416 36320644 11821710)
'#(188409 1430753882620 143145 679 1246356 0 1 16416 36021935 11803385)
'#(190226 1430754072985 144461 681 1244458 0 1 16416 36086366 11807490)
'#(195849 1430754268973 149217 693 1292390 0 1 16416 36348533 11820928)
