'#(192586 1430707754021 145620 712 1312617 0 1 16832 38312844 18878834)
'#(189273 1430707943413 143119 704 1278885 0 1 16832 38146414 18838189)
'#(194606 1430708138153 147720 715 1320151 0 1 16832 38409644 18907359)
'#(194373 1430708332656 147464 717 1331870 0 1 16832 38533893 18942529)
'#(195559 1430708528343 148655 722 1324804 0 1 16832 38680779 18990644)
'#(194709 1430708723191 147863 717 1315376 0 1 16832 38537139 18948659)
'#(201509 1430708924833 153169 731 1345229 0 1 16832 38909196 19055649)
'#(199779 1430709124747 151995 727 1331776 0 1 16832 38779211 19019219)
'#(195986 1430709320874 148773 718 1338369 0 1 16832 38539752 18942289)
'#(192653 1430709513658 146139 714 1308124 0 1 16832 38430229 18917744)
'#(191899 1430709705687 145313 713 1299747 0 1 16832 38348102 18894524)
'#(188989 1430709894807 142881 706 1297101 0 1 16832 38237534 18860744)
'#(192503 1430710087439 145856 711 1314201 0 1 16832 38359130 18893419)
'#(197196 1430710284782 149670 725 1337386 0 1 16832 38737920 19004539)
'#(193009 1430710477928 146306 711 1319680 0 1 16832 38355633 18890624)
'#(198289 1430710676346 150660 725 1333767 0 1 16832 38726174 19001984)
'#(195343 1430710871821 148332 721 1326292 0 1 16832 38620453 18971334)
'#(194943 1430711066969 147606 715 1340340 0 1 16832 38465051 18918339)
'#(191573 1430711258672 145186 712 1308690 0 1 16832 38395521 18906574)
'#(194166 1430711452968 147248 717 1322893 0 1 16832 38541332 18947619)
