'#(200286 1430711653388 151358 729 1368548 0 1 16873 39977635 13589327)
'#(190163 1430711843764 143680 711 1293705 0 1 16873 39528340 13565757)
'#(206463 1430712050354 156528 735 1381702 0 1 16873 40180307 13601306)
'#(216493 1430712266977 165097 758 1389699 0 1 16873 40843259 13642009)
'#(182196 1430712449297 137274 690 1277142 0 1 16873 38911871 13528265)
'#(189429 1430712639187 143251 709 1274884 0 1 16873 39516204 13566186)
'#(193529 1430712832781 146660 717 1294542 0 1 16873 39689607 13575280)
'#(188809 1430713021730 142609 710 1277182 0 1 16873 39509973 13565185)
'#(186579 1430713208437 140865 698 1295482 0 1 16873 39142131 13541033)
'#(188186 1430713396695 142187 705 1288067 0 1 16873 39376803 13556129)
'#(191003 1430713587841 144729 715 1281931 0 1 16873 39666202 13574609)
'#(188979 1430713776950 142863 707 1270563 0 1 16873 39404108 13558948)
'#(190546 1430713967625 144016 715 1290753 0 1 16873 39663455 13573895)
'#(195006 1430714162758 147979 723 1321812 0 1 16873 39880488 13585560)
'#(184673 1430714347557 138922 698 1274908 0 1 16873 39149398 13543286)
'#(190063 1430714537832 143668 710 1276353 0 1 16873 39511854 13565242)
'#(193949 1430714731908 147017 718 1318490 0 1 16873 39716763 13575524)
'#(190549 1430714922587 143996 711 1301843 0 1 16873 39546972 13565967)
'#(192653 1430715115378 145974 716 1297728 0 1 16873 39645326 13572512)
'#(190639 1430715306135 144372 710 1288242 0 1 16873 39509527 13564439)
